<?xml version="1.0" encoding="UTF-8"?>
<coverage generated="1622128632">
  <project timestamp="1622128632">
    <file name="/home/runner/work/functional/functional/src/Fp/Functional/Either/Either.php">
      <class name="Fp\Functional\Either\Either" namespace="global">
        <metrics complexity="23" methods="14" coveredmethods="11" conditionals="0" coveredconditionals="0" statements="33" coveredstatements="26" elements="47" coveredelements="37"/>
      </class>
      <line num="24" type="method" name="getOrElse" visibility="public" complexity="2" crap="6" count="0"/>
      <line num="26" type="stmt" count="0"/>
      <line num="35" type="method" name="fold" visibility="public" complexity="2" crap="6" count="0"/>
      <line num="37" type="stmt" count="0"/>
      <line num="38" type="stmt" count="0"/>
      <line num="44" type="stmt" count="0"/>
      <line num="53" type="method" name="map" visibility="public" complexity="2" crap="2" count="2"/>
      <line num="55" type="stmt" count="2"/>
      <line num="56" type="stmt" count="2"/>
      <line num="63" type="stmt" count="2"/>
      <line num="71" type="method" name="mapLeft" visibility="public" complexity="1" crap="1" count="1"/>
      <line num="75" type="stmt" count="1"/>
      <line num="76" type="stmt" count="1"/>
      <line num="77" type="stmt" count="1"/>
      <line num="85" type="method" name="flatMap" visibility="public" complexity="2" crap="2" count="1"/>
      <line num="87" type="stmt" count="1"/>
      <line num="88" type="stmt" count="1"/>
      <line num="95" type="stmt" count="1"/>
      <line num="105" type="method" name="do" visibility="public" complexity="3" crap="3" count="3"/>
      <line num="106" type="stmt" count="3"/>
      <line num="108" type="stmt" count="3"/>
      <line num="109" type="stmt" count="2"/>
      <line num="111" type="stmt" count="2"/>
      <line num="112" type="stmt" count="2"/>
      <line num="115" type="stmt" count="1"/>
      <line num="120" type="stmt" count="2"/>
      <line num="129" type="method" name="try" visibility="public" complexity="2" crap="2" count="2"/>
      <line num="132" type="stmt" count="2"/>
      <line num="133" type="stmt" count="1"/>
      <line num="135" type="stmt" count="1"/>
      <line num="142" type="method" name="toOption" visibility="public" complexity="2" crap="2" count="75"/>
      <line num="144" type="stmt" count="75"/>
      <line num="150" type="method" name="isLeft" visibility="public" complexity="1" crap="1" count="3"/>
      <line num="152" type="stmt" count="3"/>
      <line num="158" type="method" name="isRight" visibility="public" complexity="1" crap="1" count="77"/>
      <line num="160" type="stmt" count="77"/>
      <line num="166" type="method" name="swap" visibility="public" complexity="1" crap="1" count="1"/>
      <line num="169" type="stmt" count="1"/>
      <line num="170" type="stmt" count="1"/>
      <line num="180" type="method" name="left" visibility="public" complexity="1" crap="1" count="3"/>
      <line num="182" type="stmt" count="3"/>
      <line num="191" type="method" name="right" visibility="public" complexity="1" crap="1" count="4"/>
      <line num="193" type="stmt" count="4"/>
      <line num="204" type="method" name="cond" visibility="public" complexity="2" crap="6" count="0"/>
      <line num="210" type="stmt" count="0"/>
      <line num="211" type="stmt" count="0"/>
      <line num="212" type="stmt" count="0"/>
      <metrics loc="219" ncloc="139" classes="1" methods="14" coveredmethods="11" conditionals="0" coveredconditionals="0" statements="33" coveredstatements="26" elements="47" coveredelements="37"/>
    </file>
    <file name="/home/runner/work/functional/functional/src/Fp/Functional/Either/Left.php">
      <class name="Fp\Functional\Either\Left" namespace="global">
        <metrics complexity="3" methods="3" coveredmethods="3" conditionals="0" coveredconditionals="0" statements="3" coveredstatements="3" elements="6" coveredelements="6"/>
      </class>
      <line num="17" type="method" name="__construct" visibility="public" complexity="1" crap="1" count="6"/>
      <line num="25" type="method" name="of" visibility="public" complexity="1" crap="1" count="6"/>
      <line num="27" type="stmt" count="6"/>
      <line num="33" type="method" name="get" visibility="public" complexity="1" crap="1" count="4"/>
      <line num="35" type="stmt" count="4"/>
      <metrics loc="37" ncloc="20" classes="1" methods="3" coveredmethods="3" conditionals="0" coveredconditionals="0" statements="3" coveredstatements="3" elements="6" coveredelements="6"/>
    </file>
    <file name="/home/runner/work/functional/functional/src/Fp/Functional/Either/Right.php">
      <class name="Fp\Functional\Either\Right" namespace="global">
        <metrics complexity="3" methods="3" coveredmethods="3" conditionals="0" coveredconditionals="0" statements="3" coveredstatements="3" elements="6" coveredelements="6"/>
      </class>
      <line num="17" type="method" name="__construct" visibility="public" complexity="1" crap="1" count="84"/>
      <line num="25" type="method" name="of" visibility="public" complexity="1" crap="1" count="83"/>
      <line num="27" type="stmt" count="83"/>
      <line num="33" type="method" name="get" visibility="public" complexity="1" crap="1" count="7"/>
      <line num="35" type="stmt" count="7"/>
      <metrics loc="37" ncloc="20" classes="1" methods="3" coveredmethods="3" conditionals="0" coveredconditionals="0" statements="3" coveredstatements="3" elements="6" coveredelements="6"/>
    </file>
    <file name="/home/runner/work/functional/functional/src/Fp/Functional/Option/None.php">
      <class name="Fp\Functional\Option\None" namespace="global">
        <metrics complexity="1" methods="1" coveredmethods="1" conditionals="0" coveredconditionals="0" statements="1" coveredstatements="1" elements="2" coveredelements="2"/>
      </class>
      <line num="21" type="method" name="get" visibility="public" complexity="1" crap="1" count="5"/>
      <line num="23" type="stmt" count="5"/>
      <metrics loc="25" ncloc="15" classes="1" methods="1" coveredmethods="1" conditionals="0" coveredconditionals="0" statements="1" coveredstatements="1" elements="2" coveredelements="2"/>
    </file>
    <file name="/home/runner/work/functional/functional/src/Fp/Functional/Option/Option.php">
      <class name="Fp\Functional\Option\Option" namespace="global">
        <metrics complexity="25" methods="15" coveredmethods="10" conditionals="0" coveredconditionals="0" statements="37" coveredstatements="26" elements="52" coveredelements="36"/>
      </class>
      <line num="23" type="method" name="isEmpty" visibility="public" complexity="1" crap="1" count="93"/>
      <line num="25" type="stmt" count="93"/>
      <line num="31" type="method" name="isNonEmpty" visibility="public" complexity="1" crap="2" count="0"/>
      <line num="33" type="stmt" count="0"/>
      <line num="39" type="method" name="isSome" visibility="public" complexity="1" crap="1" count="1"/>
      <line num="41" type="stmt" count="1"/>
      <line num="47" type="method" name="isNone" visibility="public" complexity="1" crap="2" count="0"/>
      <line num="49" type="stmt" count="0"/>
      <line num="57" type="method" name="map" visibility="public" complexity="2" crap="2" count="80"/>
      <line num="59" type="stmt" count="80"/>
      <line num="60" type="stmt" count="2"/>
      <line num="63" type="stmt" count="80"/>
      <line num="71" type="method" name="flatMap" visibility="public" complexity="2" crap="2" count="75"/>
      <line num="73" type="stmt" count="75"/>
      <line num="74" type="stmt" count="1"/>
      <line num="77" type="stmt" count="75"/>
      <line num="86" type="method" name="do" visibility="public" complexity="3" crap="3" count="86"/>
      <line num="87" type="stmt" count="86"/>
      <line num="89" type="stmt" count="86"/>
      <line num="90" type="stmt" count="85"/>
      <line num="92" type="stmt" count="85"/>
      <line num="93" type="stmt" count="85"/>
      <line num="96" type="stmt" count="8"/>
      <line num="101" type="stmt" count="85"/>
      <line num="110" type="method" name="fromNullable" visibility="public" complexity="2" crap="2" count="112"/>
      <line num="112" type="stmt" count="112"/>
      <line num="113" type="stmt" count="28"/>
      <line num="114" type="stmt" count="112"/>
      <line num="122" type="method" name="try" visibility="public" complexity="2" crap="6" count="0"/>
      <line num="125" type="stmt" count="0"/>
      <line num="126" type="stmt" count="0"/>
      <line num="127" type="stmt" count="0"/>
      <line num="137" type="method" name="fold" visibility="public" complexity="2" crap="2" count="1"/>
      <line num="139" type="stmt" count="1"/>
      <line num="140" type="stmt" count="1"/>
      <line num="141" type="stmt" count="1"/>
      <line num="154" type="method" name="getOrElse" visibility="public" complexity="2" crap="2" count="74"/>
      <line num="156" type="stmt" count="74"/>
      <line num="157" type="stmt" count="74"/>
      <line num="158" type="stmt" count="74"/>
      <line num="169" type="method" name="some" visibility="public" complexity="1" crap="1" count="90"/>
      <line num="171" type="stmt" count="90"/>
      <line num="180" type="method" name="none" visibility="public" complexity="1" crap="1" count="3"/>
      <line num="182" type="stmt" count="3"/>
      <line num="190" type="method" name="toLeft" visibility="public" complexity="2" crap="6" count="0"/>
      <line num="192" type="stmt" count="0"/>
      <line num="193" type="stmt" count="0"/>
      <line num="194" type="stmt" count="0"/>
      <line num="202" type="method" name="toRight" visibility="public" complexity="2" crap="6" count="0"/>
      <line num="204" type="stmt" count="0"/>
      <line num="205" type="stmt" count="0"/>
      <line num="206" type="stmt" count="0"/>
      <metrics loc="208" ncloc="126" classes="1" methods="15" coveredmethods="10" conditionals="0" coveredconditionals="0" statements="37" coveredstatements="26" elements="52" coveredelements="36"/>
    </file>
    <file name="/home/runner/work/functional/functional/src/Fp/Functional/Option/Some.php">
      <class name="Fp\Functional\Option\Some" namespace="global">
        <metrics complexity="2" methods="2" coveredmethods="2" conditionals="0" coveredconditionals="0" statements="3" coveredstatements="3" elements="5" coveredelements="5"/>
      </class>
      <line num="22" type="method" name="__construct" visibility="public" complexity="1" crap="1" count="115"/>
      <line num="24" type="stmt" count="115"/>
      <line num="25" type="stmt" count="115"/>
      <line num="30" type="method" name="get" visibility="public" complexity="1" crap="1" count="101"/>
      <line num="32" type="stmt" count="101"/>
      <metrics loc="34" ncloc="20" classes="1" methods="2" coveredmethods="2" conditionals="0" coveredconditionals="0" statements="3" coveredstatements="3" elements="5" coveredelements="5"/>
    </file>
    <file name="/home/runner/work/functional/functional/src/Fp/Functional/Unit.php">
      <class name="Fp\Functional\Unit" namespace="global">
        <metrics complexity="0" methods="0" coveredmethods="0" conditionals="0" coveredconditionals="0" statements="0" coveredstatements="0" elements="0" coveredelements="0"/>
      </class>
      <metrics loc="10" ncloc="10" classes="0" methods="0" coveredmethods="0" conditionals="0" coveredconditionals="0" statements="0" coveredstatements="0" elements="0" coveredelements="0"/>
    </file>
    <file name="/home/runner/work/functional/functional/src/Fp/Functional/Validated/Invalid.php">
      <class name="Fp\Functional\Validated\Invalid" namespace="global">
        <metrics complexity="2" methods="2" coveredmethods="2" conditionals="0" coveredconditionals="0" statements="3" coveredstatements="3" elements="5" coveredelements="5"/>
      </class>
      <line num="23" type="method" name="__construct" visibility="public" complexity="1" crap="1" count="3"/>
      <line num="24" type="stmt" count="3"/>
      <line num="25" type="stmt" count="3"/>
      <line num="30" type="method" name="get" visibility="public" complexity="1" crap="1" count="2"/>
      <line num="32" type="stmt" count="2"/>
      <metrics loc="34" ncloc="19" classes="1" methods="2" coveredmethods="2" conditionals="0" coveredconditionals="0" statements="3" coveredstatements="3" elements="5" coveredelements="5"/>
    </file>
    <file name="/home/runner/work/functional/functional/src/Fp/Functional/Validated/Valid.php">
      <class name="Fp\Functional\Validated\Valid" namespace="global">
        <metrics complexity="2" methods="2" coveredmethods="2" conditionals="0" coveredconditionals="0" statements="3" coveredstatements="3" elements="5" coveredelements="5"/>
      </class>
      <line num="23" type="method" name="__construct" visibility="public" complexity="1" crap="1" count="3"/>
      <line num="24" type="stmt" count="3"/>
      <line num="25" type="stmt" count="3"/>
      <line num="30" type="method" name="get" visibility="public" complexity="1" crap="1" count="2"/>
      <line num="32" type="stmt" count="2"/>
      <metrics loc="34" ncloc="19" classes="1" methods="2" coveredmethods="2" conditionals="0" coveredconditionals="0" statements="3" coveredstatements="3" elements="5" coveredelements="5"/>
    </file>
    <file name="/home/runner/work/functional/functional/src/Fp/Functional/Validated/Validated.php">
      <class name="Fp\Functional\Validated\Validated" namespace="global">
        <metrics complexity="18" methods="9" coveredmethods="5" conditionals="0" coveredconditionals="0" statements="25" coveredstatements="13" elements="34" coveredelements="18"/>
      </class>
      <line num="30" type="method" name="invalid" visibility="public" complexity="1" crap="1" count="3"/>
      <line num="32" type="stmt" count="3"/>
      <line num="44" type="method" name="valid" visibility="public" complexity="1" crap="1" count="3"/>
      <line num="46" type="stmt" count="3"/>
      <line num="58" type="method" name="isValid" visibility="public" complexity="1" crap="1" count="3"/>
      <line num="60" type="stmt" count="3"/>
      <line num="66" type="method" name="isInvalid" visibility="public" complexity="1" crap="1" count="3"/>
      <line num="68" type="stmt" count="3"/>
      <line num="81" type="method" name="combine" visibility="public" complexity="6" crap="6" count="3"/>
      <line num="83" type="stmt" count="3"/>
      <line num="84" type="stmt" count="2"/>
      <line num="87" type="stmt" count="3"/>
      <line num="88" type="stmt" count="3"/>
      <line num="91" type="stmt" count="3"/>
      <line num="92" type="stmt" count="2"/>
      <line num="93" type="stmt" count="3"/>
      <line num="105" type="method" name="cond" visibility="public" complexity="2" crap="6" count="0"/>
      <line num="111" type="stmt" count="0"/>
      <line num="112" type="stmt" count="0"/>
      <line num="113" type="stmt" count="0"/>
      <line num="125" type="method" name="fold" visibility="public" complexity="2" crap="2.15" count="1"/>
      <line num="127" type="stmt" count="1"/>
      <line num="128" type="stmt" count="0"/>
      <line num="135" type="stmt" count="1"/>
      <line num="141" type="method" name="toEither" visibility="public" complexity="2" crap="6" count="0"/>
      <line num="143" type="stmt" count="0"/>
      <line num="144" type="stmt" count="0"/>
      <line num="145" type="stmt" count="0"/>
      <line num="152" type="stmt" count="0"/>
      <line num="154" type="stmt" count="0"/>
      <line num="160" type="method" name="toOption" visibility="public" complexity="2" crap="6" count="0"/>
      <line num="162" type="stmt" count="0"/>
      <line num="163" type="stmt" count="0"/>
      <line num="164" type="stmt" count="0"/>
      <metrics loc="167" ncloc="103" classes="1" methods="9" coveredmethods="5" conditionals="0" coveredconditionals="0" statements="25" coveredstatements="13" elements="34" coveredelements="18"/>
    </file>
    <file name="/home/runner/work/functional/functional/src/Fp/Functions/Callable/Compose.php">
      <line num="76" type="stmt" count="1"/>
      <line num="78" type="stmt" count="1"/>
      <line num="79" type="stmt" count="1"/>
      <line num="81" type="stmt" count="1"/>
      <line num="82" type="stmt" count="1"/>
      <line num="83" type="stmt" count="1"/>
      <metrics loc="86" ncloc="35" classes="0" methods="0" coveredmethods="0" conditionals="0" coveredconditionals="0" statements="6" coveredstatements="6" elements="6" coveredelements="6"/>
    </file>
    <file name="/home/runner/work/functional/functional/src/Fp/Functions/Callable/Partial.php">
      <line num="28" type="stmt" count="1"/>
      <metrics loc="29" ncloc="12" classes="0" methods="0" coveredmethods="0" conditionals="0" coveredconditionals="0" statements="1" coveredstatements="1" elements="1" coveredelements="1"/>
    </file>
    <file name="/home/runner/work/functional/functional/src/Fp/Functions/Callable/PartialLeft.php">
      <line num="26" type="stmt" count="1"/>
      <metrics loc="27" ncloc="12" classes="0" methods="0" coveredmethods="0" conditionals="0" coveredconditionals="0" statements="1" coveredstatements="1" elements="1" coveredelements="1"/>
    </file>
    <file name="/home/runner/work/functional/functional/src/Fp/Functions/Callable/PartialRight.php">
      <line num="26" type="stmt" count="1"/>
      <metrics loc="28" ncloc="13" classes="0" methods="0" coveredmethods="0" conditionals="0" coveredconditionals="0" statements="1" coveredstatements="1" elements="1" coveredelements="1"/>
    </file>
    <file name="/home/runner/work/functional/functional/src/Fp/Functions/Cast/AsArray.php">
      <line num="28" type="stmt" count="2"/>
      <line num="30" type="stmt" count="2"/>
      <line num="31" type="stmt" count="2"/>
      <line num="32" type="stmt" count="2"/>
      <line num="34" type="stmt" count="1"/>
      <line num="38" type="stmt" count="2"/>
      <metrics loc="39" ncloc="20" classes="0" methods="0" coveredmethods="0" conditionals="0" coveredconditionals="0" statements="6" coveredstatements="6" elements="6" coveredelements="6"/>
    </file>
    <file name="/home/runner/work/functional/functional/src/Fp/Functions/Cast/AsBool.php">
      <line num="26" type="stmt" count="1"/>
      <metrics loc="27" ncloc="12" classes="0" methods="0" coveredmethods="0" conditionals="0" coveredconditionals="0" statements="1" coveredstatements="1" elements="1" coveredelements="1"/>
    </file>
    <file name="/home/runner/work/functional/functional/src/Fp/Functions/Cast/AsFloat.php">
      <line num="26" type="stmt" count="1"/>
      <metrics loc="27" ncloc="12" classes="0" methods="0" coveredmethods="0" conditionals="0" coveredconditionals="0" statements="1" coveredstatements="1" elements="1" coveredelements="1"/>
    </file>
    <file name="/home/runner/work/functional/functional/src/Fp/Functions/Cast/AsInt.php">
      <line num="26" type="stmt" count="1"/>
      <metrics loc="27" ncloc="12" classes="0" methods="0" coveredmethods="0" conditionals="0" coveredconditionals="0" statements="1" coveredstatements="1" elements="1" coveredelements="1"/>
    </file>
    <file name="/home/runner/work/functional/functional/src/Fp/Functions/Cast/AsList.php">
      <line num="24" type="stmt" count="80"/>
      <line num="26" type="stmt" count="80"/>
      <line num="27" type="stmt" count="80"/>
      <line num="28" type="stmt" count="80"/>
      <line num="32" type="stmt" count="80"/>
      <metrics loc="33" ncloc="18" classes="0" methods="0" coveredmethods="0" conditionals="0" coveredconditionals="0" statements="5" coveredstatements="5" elements="5" coveredelements="5"/>
    </file>
    <file name="/home/runner/work/functional/functional/src/Fp/Functions/Cast/AsNonEmptyArray.php">
      <line num="34" type="stmt" count="1"/>
      <line num="36" type="stmt" count="1"/>
      <metrics loc="37" ncloc="17" classes="0" methods="0" coveredmethods="0" conditionals="0" coveredconditionals="0" statements="2" coveredstatements="2" elements="2" coveredelements="2"/>
    </file>
    <file name="/home/runner/work/functional/functional/src/Fp/Functions/Cast/AsNonEmptyList.php">
      <line num="32" type="stmt" count="78"/>
      <line num="34" type="stmt" count="78"/>
      <metrics loc="35" ncloc="17" classes="0" methods="0" coveredmethods="0" conditionals="0" coveredconditionals="0" statements="2" coveredstatements="2" elements="2" coveredelements="2"/>
    </file>
    <file name="/home/runner/work/functional/functional/src/Fp/Functions/Collection/Any.php">
      <line num="25" type="stmt" count="1"/>
      <line num="48" type="stmt" count="1"/>
      <line num="49" type="stmt" count="1"/>
      <line num="50" type="stmt" count="1"/>
      <metrics loc="52" ncloc="18" classes="0" methods="0" coveredmethods="0" conditionals="0" coveredconditionals="0" statements="4" coveredstatements="4" elements="4" coveredelements="4"/>
    </file>
    <file name="/home/runner/work/functional/functional/src/Fp/Functions/Collection/At.php">
      <line num="32" type="stmt" count="2"/>
      <line num="33" type="stmt" count="1"/>
      <line num="36" type="stmt" count="1"/>
      <line num="37" type="stmt" count="1"/>
      <line num="38" type="stmt" count="1"/>
      <metrics loc="41" ncloc="21" classes="0" methods="0" coveredmethods="0" conditionals="0" coveredconditionals="0" statements="5" coveredstatements="5" elements="5" coveredelements="5"/>
    </file>
    <file name="/home/runner/work/functional/functional/src/Fp/Functions/Collection/Every.php">
      <line num="27" type="stmt" count="7"/>
      <line num="29" type="stmt" count="7"/>
      <line num="30" type="stmt" count="7"/>
      <line num="31" type="stmt" count="6"/>
      <line num="32" type="stmt" count="6"/>
      <line num="36" type="stmt" count="7"/>
      <line num="59" type="stmt" count="6"/>
      <line num="60" type="stmt" count="6"/>
      <line num="61" type="stmt" count="6"/>
      <line num="62" type="stmt" count="6"/>
      <metrics loc="63" ncloc="29" classes="0" methods="0" coveredmethods="0" conditionals="0" coveredconditionals="0" statements="10" coveredstatements="10" elements="10" coveredelements="10"/>
    </file>
    <file name="/home/runner/work/functional/functional/src/Fp/Functions/Collection/Exists.php">
      <line num="27" type="stmt" count="1"/>
      <line num="28" type="stmt" count="1"/>
      <line num="29" type="stmt" count="1"/>
      <line num="31" type="stmt" count="1"/>
      <metrics loc="32" ncloc="15" classes="0" methods="0" coveredmethods="0" conditionals="0" coveredconditionals="0" statements="4" coveredstatements="4" elements="4" coveredelements="4"/>
    </file>
    <file name="/home/runner/work/functional/functional/src/Fp/Functions/Collection/Filter.php">
      <line num="29" type="stmt" count="4"/>
      <line num="31" type="stmt" count="4"/>
      <line num="32" type="stmt" count="4"/>
      <line num="33" type="stmt" count="4"/>
      <line num="34" type="stmt" count="2"/>
      <line num="36" type="stmt" count="4"/>
      <line num="41" type="stmt" count="4"/>
      <line num="63" type="stmt" count="2"/>
      <line num="64" type="stmt" count="2"/>
      <line num="65" type="stmt" count="2"/>
      <line num="93" type="stmt" count="1"/>
      <line num="94" type="stmt" count="1"/>
      <line num="95" type="stmt" count="1"/>
      <line num="99" type="stmt" count="1"/>
      <metrics loc="101" ncloc="46" classes="0" methods="0" coveredmethods="0" conditionals="0" coveredconditionals="0" statements="14" coveredstatements="14" elements="14" coveredelements="14"/>
    </file>
    <file name="/home/runner/work/functional/functional/src/Fp/Functions/Collection/First.php">
      <line num="28" type="stmt" count="6"/>
      <line num="29" type="stmt" count="1"/>
      <line num="32" type="stmt" count="6"/>
      <line num="34" type="stmt" count="6"/>
      <line num="35" type="stmt" count="5"/>
      <line num="36" type="stmt" count="5"/>
      <line num="37" type="stmt" count="5"/>
      <line num="41" type="stmt" count="6"/>
      <line num="64" type="stmt" count="2"/>
      <line num="65" type="stmt" count="2"/>
      <line num="66" type="stmt" count="2"/>
      <line num="67" type="stmt" count="2"/>
      <line num="69" type="stmt" count="2"/>
      <metrics loc="70" ncloc="38" classes="0" methods="0" coveredmethods="0" conditionals="0" coveredconditionals="0" statements="13" coveredstatements="13" elements="13" coveredelements="13"/>
    </file>
    <file name="/home/runner/work/functional/functional/src/Fp/Functions/Collection/FlatMap.php">
      <line num="30" type="stmt" count="1"/>
      <line num="32" type="stmt" count="1"/>
      <line num="33" type="stmt" count="1"/>
      <line num="35" type="stmt" count="1"/>
      <line num="36" type="stmt" count="1"/>
      <line num="40" type="stmt" count="1"/>
      <metrics loc="41" ncloc="20" classes="0" methods="0" coveredmethods="0" conditionals="0" coveredconditionals="0" statements="6" coveredstatements="6" elements="6" coveredelements="6"/>
    </file>
    <file name="/home/runner/work/functional/functional/src/Fp/Functions/Collection/Fold.php">
      <line num="30" type="stmt" count="2"/>
      <line num="32" type="stmt" count="2"/>
      <line num="33" type="stmt" count="2"/>
      <line num="36" type="stmt" count="2"/>
      <metrics loc="37" ncloc="16" classes="0" methods="0" coveredmethods="0" conditionals="0" coveredconditionals="0" statements="4" coveredstatements="4" elements="4" coveredelements="4"/>
    </file>
    <file name="/home/runner/work/functional/functional/src/Fp/Functions/Collection/Group.php">
      <line num="28" type="stmt" count="1"/>
      <line num="30" type="stmt" count="1"/>
      <line num="31" type="stmt" count="1"/>
      <line num="33" type="stmt" count="1"/>
      <line num="34" type="stmt" count="1"/>
      <line num="37" type="stmt" count="1"/>
      <line num="40" type="stmt" count="1"/>
      <metrics loc="42" ncloc="23" classes="0" methods="0" coveredmethods="0" conditionals="0" coveredconditionals="0" statements="7" coveredstatements="7" elements="7" coveredelements="7"/>
    </file>
    <file name="/home/runner/work/functional/functional/src/Fp/Functions/Collection/Head.php">
      <line num="26" type="stmt" count="86"/>
      <line num="28" type="stmt" count="86"/>
      <line num="29" type="stmt" count="86"/>
      <line num="30" type="stmt" count="86"/>
      <line num="33" type="stmt" count="86"/>
      <metrics loc="34" ncloc="19" classes="0" methods="0" coveredmethods="0" conditionals="0" coveredconditionals="0" statements="5" coveredstatements="5" elements="5" coveredelements="5"/>
    </file>
    <file name="/home/runner/work/functional/functional/src/Fp/Functions/Collection/IsSequence.php">
      <line num="28" type="stmt" count="7"/>
      <line num="29" type="stmt" count="7"/>
      <line num="30" type="stmt" count="7"/>
      <line num="32" type="stmt" count="7"/>
      <line num="33" type="stmt" count="6"/>
      <line num="34" type="stmt" count="6"/>
      <line num="35" type="stmt" count="6"/>
      <line num="38" type="stmt" count="6"/>
      <line num="42" type="stmt" count="7"/>
      <line num="66" type="stmt" count="3"/>
      <line num="67" type="stmt" count="3"/>
      <line num="68" type="stmt" count="3"/>
      <line num="69" type="stmt" count="3"/>
      <line num="71" type="stmt" count="3"/>
      <line num="72" type="stmt" count="2"/>
      <line num="74" type="stmt" count="2"/>
      <line num="75" type="stmt" count="2"/>
      <line num="76" type="stmt" count="2"/>
      <line num="79" type="stmt" count="2"/>
      <line num="83" type="stmt" count="3"/>
      <metrics loc="86" ncloc="48" classes="0" methods="0" coveredmethods="0" conditionals="0" coveredconditionals="0" statements="20" coveredstatements="20" elements="20" coveredelements="20"/>
    </file>
    <file name="/home/runner/work/functional/functional/src/Fp/Functions/Collection/Keys.php">
      <line num="23" type="stmt" count="5"/>
      <line num="25" type="stmt" count="5"/>
      <line num="26" type="stmt" count="5"/>
      <line num="29" type="stmt" count="5"/>
      <metrics loc="30" ncloc="16" classes="0" methods="0" coveredmethods="0" conditionals="0" coveredconditionals="0" statements="4" coveredstatements="4" elements="4" coveredelements="4"/>
    </file>
    <file name="/home/runner/work/functional/functional/src/Fp/Functions/Collection/Last.php">
      <line num="28" type="stmt" count="1"/>
      <line num="30" type="stmt" count="1"/>
      <line num="31" type="stmt" count="1"/>
      <line num="32" type="stmt" count="1"/>
      <line num="36" type="stmt" count="1"/>
      <metrics loc="37" ncloc="20" classes="0" methods="0" coveredmethods="0" conditionals="0" coveredconditionals="0" statements="5" coveredstatements="5" elements="5" coveredelements="5"/>
    </file>
    <file name="/home/runner/work/functional/functional/src/Fp/Functions/Collection/Map.php">
      <line num="34" type="stmt" count="2"/>
      <line num="36" type="stmt" count="2"/>
      <line num="37" type="stmt" count="2"/>
      <line num="40" type="stmt" count="2"/>
      <metrics loc="41" ncloc="16" classes="0" methods="0" coveredmethods="0" conditionals="0" coveredconditionals="0" statements="4" coveredstatements="4" elements="4" coveredelements="4"/>
    </file>
    <file name="/home/runner/work/functional/functional/src/Fp/Functions/Collection/Partition.php">
      <line num="35" type="stmt" count="1"/>
      <line num="36" type="stmt" count="1"/>
      <line num="38" type="stmt" count="1"/>
      <line num="39" type="stmt" count="1"/>
      <line num="40" type="stmt" count="1"/>
      <line num="41" type="stmt" count="1"/>
      <line num="42" type="stmt" count="1"/>
      <line num="46" type="stmt" count="1"/>
      <line num="49" type="stmt" count="1"/>
      <line num="120" type="stmt" count="1"/>
      <line num="122" type="stmt" count="1"/>
      <line num="123" type="stmt" count="1"/>
      <line num="124" type="stmt" count="1"/>
      <line num="126" type="stmt" count="1"/>
      <line num="130" type="stmt" count="1"/>
      <line num="131" type="stmt" count="1"/>
      <line num="132" type="stmt" count="1"/>
      <line num="133" type="stmt" count="1"/>
      <line num="137" type="stmt" count="1"/>
      <line num="140" type="stmt" count="1"/>
      <metrics loc="142" ncloc="69" classes="0" methods="0" coveredmethods="0" conditionals="0" coveredconditionals="0" statements="20" coveredstatements="20" elements="20" coveredelements="20"/>
    </file>
    <file name="/home/runner/work/functional/functional/src/Fp/Functions/Collection/Pluck.php">
      <line num="25" type="stmt" count="2"/>
      <line num="27" type="stmt" count="2"/>
      <line num="28" type="stmt" count="2"/>
      <line num="29" type="stmt" count="2"/>
      <line num="30" type="stmt" count="2"/>
      <line num="33" type="stmt" count="2"/>
      <line num="36" type="stmt" count="2"/>
      <metrics loc="37" ncloc="23" classes="0" methods="0" coveredmethods="0" conditionals="0" coveredconditionals="0" statements="7" coveredstatements="7" elements="7" coveredelements="7"/>
    </file>
    <file name="/home/runner/work/functional/functional/src/Fp/Functions/Collection/Pop.php">
      <line num="30" type="stmt" count="75"/>
      <line num="31" type="stmt" count="75"/>
      <line num="32" type="stmt" count="75"/>
      <line num="33" type="stmt" count="75"/>
      <line num="34" type="stmt" count="75"/>
      <metrics loc="35" ncloc="18" classes="0" methods="0" coveredmethods="0" conditionals="0" coveredconditionals="0" statements="5" coveredstatements="5" elements="5" coveredelements="5"/>
    </file>
    <file name="/home/runner/work/functional/functional/src/Fp/Functions/Collection/Reduce.php">
      <line num="33" type="stmt" count="75"/>
      <line num="34" type="stmt" count="75"/>
      <line num="35" type="stmt" count="75"/>
      <line num="36" type="stmt" count="75"/>
      <line num="59" type="stmt" count="76"/>
      <line num="83" type="stmt" count="76"/>
      <line num="85" type="stmt" count="76"/>
      <line num="86" type="stmt" count="2"/>
      <line num="89" type="stmt" count="76"/>
      <metrics loc="90" ncloc="33" classes="0" methods="0" coveredmethods="0" conditionals="0" coveredconditionals="0" statements="9" coveredstatements="9" elements="9" coveredelements="9"/>
    </file>
    <file name="/home/runner/work/functional/functional/src/Fp/Functions/Collection/Reindex.php">
      <line num="26" type="stmt" count="1"/>
      <line num="28" type="stmt" count="1"/>
      <line num="29" type="stmt" count="1"/>
      <line num="32" type="stmt" count="1"/>
      <metrics loc="33" ncloc="16" classes="0" methods="0" coveredmethods="0" conditionals="0" coveredconditionals="0" statements="4" coveredstatements="4" elements="4" coveredelements="4"/>
    </file>
    <file name="/home/runner/work/functional/functional/src/Fp/Functions/Collection/Reverse.php">
      <line num="24" type="stmt" count="1"/>
      <line num="26" type="stmt" count="1"/>
      <line num="27" type="stmt" count="1"/>
      <line num="30" type="stmt" count="1"/>
      <metrics loc="31" ncloc="16" classes="0" methods="0" coveredmethods="0" conditionals="0" coveredconditionals="0" statements="4" coveredstatements="4" elements="4" coveredelements="4"/>
    </file>
    <file name="/home/runner/work/functional/functional/src/Fp/Functions/Collection/Second.php">
      <line num="26" type="stmt" count="1"/>
      <metrics loc="27" ncloc="12" classes="0" methods="0" coveredmethods="0" conditionals="0" coveredconditionals="0" statements="1" coveredstatements="1" elements="1" coveredelements="1"/>
    </file>
    <file name="/home/runner/work/functional/functional/src/Fp/Functions/Collection/Shift.php">
      <line num="30" type="stmt" count="1"/>
      <line num="31" type="stmt" count="1"/>
      <line num="32" type="stmt" count="1"/>
      <line num="33" type="stmt" count="1"/>
      <line num="34" type="stmt" count="1"/>
      <metrics loc="35" ncloc="18" classes="0" methods="0" coveredmethods="0" conditionals="0" coveredconditionals="0" statements="5" coveredstatements="5" elements="5" coveredelements="5"/>
    </file>
    <file name="/home/runner/work/functional/functional/src/Fp/Functions/Collection/Tail.php">
      <line num="24" type="stmt" count="2"/>
      <line num="25" type="stmt" count="2"/>
      <line num="27" type="stmt" count="2"/>
      <line num="28" type="stmt" count="2"/>
      <line num="29" type="stmt" count="2"/>
      <line num="32" type="stmt" count="2"/>
      <line num="35" type="stmt" count="2"/>
      <metrics loc="36" ncloc="21" classes="0" methods="0" coveredmethods="0" conditionals="0" coveredconditionals="0" statements="7" coveredstatements="7" elements="7" coveredelements="7"/>
    </file>
    <file name="/home/runner/work/functional/functional/src/Fp/Functions/Collection/Unique.php">
      <line num="30" type="stmt" count="1"/>
      <line num="31" type="stmt" count="1"/>
      <line num="32" type="stmt" count="1"/>
      <line num="33" type="stmt" count="1"/>
      <line num="37" type="stmt" count="1"/>
      <line num="38" type="stmt" count="1"/>
      <line num="40" type="stmt" count="1"/>
      <line num="41" type="stmt" count="1"/>
      <line num="42" type="stmt" count="1"/>
      <line num="44" type="stmt" count="1"/>
      <line num="45" type="stmt" count="1"/>
      <line num="46" type="stmt" count="1"/>
      <line num="50" type="stmt" count="1"/>
      <metrics loc="51" ncloc="30" classes="0" methods="0" coveredmethods="0" conditionals="0" coveredconditionals="0" statements="13" coveredstatements="13" elements="13" coveredelements="13"/>
    </file>
    <file name="/home/runner/work/functional/functional/src/Fp/Functions/Collection/Zip.php">
      <line num="33" type="stmt" count="1"/>
      <line num="34" type="stmt" count="1"/>
      <line num="35" type="stmt" count="1"/>
      <line num="37" type="stmt" count="1"/>
      <line num="38" type="stmt" count="1"/>
      <line num="39" type="stmt" count="1"/>
      <line num="43" type="stmt" count="1"/>
      <metrics loc="44" ncloc="22" classes="0" methods="0" coveredmethods="0" conditionals="0" coveredconditionals="0" statements="7" coveredstatements="7" elements="7" coveredelements="7"/>
    </file>
    <file name="/home/runner/work/functional/functional/src/Fp/Functions/Evidence/ProveArray.php">
      <line num="31" type="stmt" count="8"/>
      <line num="53" type="stmt" count="1"/>
      <line num="54" type="stmt" count="1"/>
      <line num="55" type="stmt" count="1"/>
      <line num="58" type="stmt" count="1"/>
      <line num="59" type="stmt" count="1"/>
      <line num="85" type="stmt" count="2"/>
      <line num="86" type="stmt" count="2"/>
      <line num="87" type="stmt" count="2"/>
      <line num="90" type="stmt" count="2"/>
      <line num="91" type="stmt" count="2"/>
      <line num="117" type="stmt" count="1"/>
      <line num="118" type="stmt" count="1"/>
      <line num="119" type="stmt" count="1"/>
      <line num="122" type="stmt" count="1"/>
      <line num="123" type="stmt" count="1"/>
      <metrics loc="125" ncloc="49" classes="0" methods="0" coveredmethods="0" conditionals="0" coveredconditionals="0" statements="16" coveredstatements="16" elements="16" coveredelements="16"/>
    </file>
    <file name="/home/runner/work/functional/functional/src/Fp/Functions/Evidence/ProveBool.php">
      <line num="25" type="stmt" count="1"/>
      <line num="45" type="stmt" count="7"/>
      <line num="65" type="stmt" count="1"/>
      <metrics loc="66" ncloc="22" classes="0" methods="0" coveredmethods="0" conditionals="0" coveredconditionals="0" statements="3" coveredstatements="3" elements="3" coveredelements="3"/>
    </file>
    <file name="/home/runner/work/functional/functional/src/Fp/Functions/Evidence/ProveFloat.php">
      <line num="26" type="stmt" count="1"/>
      <metrics loc="27" ncloc="12" classes="0" methods="0" coveredmethods="0" conditionals="0" coveredconditionals="0" statements="1" coveredstatements="1" elements="1" coveredelements="1"/>
    </file>
    <file name="/home/runner/work/functional/functional/src/Fp/Functions/Evidence/ProveInt.php">
      <line num="27" type="stmt" count="1"/>
      <metrics loc="28" ncloc="12" classes="0" methods="0" coveredmethods="0" conditionals="0" coveredconditionals="0" statements="1" coveredstatements="1" elements="1" coveredelements="1"/>
    </file>
    <file name="/home/runner/work/functional/functional/src/Fp/Functions/Evidence/ProveList.php">
      <line num="33" type="stmt" count="4"/>
      <line num="34" type="stmt" count="4"/>
      <line num="35" type="stmt" count="4"/>
      <line num="38" type="stmt" count="4"/>
      <line num="39" type="stmt" count="4"/>
      <line num="61" type="stmt" count="1"/>
      <line num="62" type="stmt" count="1"/>
      <line num="63" type="stmt" count="1"/>
      <line num="66" type="stmt" count="1"/>
      <line num="67" type="stmt" count="1"/>
      <line num="93" type="stmt" count="2"/>
      <line num="94" type="stmt" count="2"/>
      <line num="95" type="stmt" count="2"/>
      <line num="98" type="stmt" count="2"/>
      <line num="99" type="stmt" count="2"/>
      <line num="125" type="stmt" count="1"/>
      <line num="126" type="stmt" count="1"/>
      <line num="127" type="stmt" count="1"/>
      <line num="130" type="stmt" count="1"/>
      <line num="131" type="stmt" count="1"/>
      <metrics loc="132" ncloc="56" classes="0" methods="0" coveredmethods="0" conditionals="0" coveredconditionals="0" statements="20" coveredstatements="20" elements="20" coveredelements="20"/>
    </file>
    <file name="/home/runner/work/functional/functional/src/Fp/Functions/Evidence/ProveOf.php">
      <line num="32" type="stmt" count="1"/>
      <line num="33" type="stmt" count="1"/>
      <line num="34" type="stmt" count="1"/>
      <line num="36" type="stmt" count="1"/>
      <metrics loc="37" ncloc="19" classes="0" methods="0" coveredmethods="0" conditionals="0" coveredconditionals="0" statements="4" coveredstatements="4" elements="4" coveredelements="4"/>
    </file>
    <file name="/home/runner/work/functional/functional/src/Fp/Functions/Evidence/ProveString.php">
      <line num="27" type="stmt" count="75"/>
      <line num="44" type="stmt" count="1"/>
      <line num="61" type="stmt" count="1"/>
      <line num="62" type="stmt" count="1"/>
      <line num="63" type="stmt" count="1"/>
      <line num="80" type="stmt" count="1"/>
      <metrics loc="83" ncloc="31" classes="0" methods="0" coveredmethods="0" conditionals="0" coveredconditionals="0" statements="6" coveredstatements="6" elements="6" coveredelements="6"/>
    </file>
    <file name="/home/runner/work/functional/functional/src/Fp/Functions/Id.php">
      <line num="25" type="stmt" count="1"/>
      <metrics loc="26" ncloc="12" classes="0" methods="0" coveredmethods="0" conditionals="0" coveredconditionals="0" statements="1" coveredstatements="1" elements="1" coveredelements="1"/>
    </file>
    <file name="/home/runner/work/functional/functional/src/Fp/Functions/Json/JsonDecode.php">
      <line num="27" type="stmt" count="76"/>
      <line num="29" type="stmt" count="76"/>
      <line num="30" type="stmt" count="1"/>
      <line num="33" type="stmt" count="76"/>
      <metrics loc="34" ncloc="21" classes="0" methods="0" coveredmethods="0" conditionals="0" coveredconditionals="0" statements="4" coveredstatements="4" elements="4" coveredelements="4"/>
    </file>
    <file name="/home/runner/work/functional/functional/src/Fp/Functions/Json/JsonSearch.php">
      <line num="32" type="stmt" count="75"/>
      <line num="33" type="stmt" count="75"/>
      <line num="34" type="stmt" count="1"/>
      <line num="36" type="stmt" count="75"/>
      <line num="37" type="stmt" count="75"/>
      <line num="40" type="stmt" count="75"/>
      <line num="42" type="stmt" count="75"/>
      <line num="43" type="stmt" count="75"/>
      <metrics loc="44" ncloc="26" classes="0" methods="0" coveredmethods="0" conditionals="0" coveredconditionals="0" statements="8" coveredstatements="8" elements="8" coveredelements="8"/>
    </file>
    <file name="/home/runner/work/functional/functional/src/Fp/Functions/Of.php">
      <line num="28" type="stmt" count="11"/>
      <line num="29" type="stmt" count="8"/>
      <line num="32" type="stmt" count="11"/>
      <line num="33" type="stmt" count="3"/>
      <line num="34" type="stmt" count="11"/>
      <metrics loc="35" ncloc="16" classes="0" methods="0" coveredmethods="0" conditionals="0" coveredconditionals="0" statements="5" coveredstatements="5" elements="5" coveredelements="5"/>
    </file>
    <file name="/home/runner/work/functional/functional/src/Fp/Functions/Reflection/GetNamedTypes.php">
      <line num="26" type="stmt" count="1"/>
      <line num="29" type="stmt" count="1"/>
      <line num="30" type="stmt" count="1"/>
      <line num="31" type="stmt" count="1"/>
      <metrics loc="33" ncloc="20" classes="0" methods="0" coveredmethods="0" conditionals="0" coveredconditionals="0" statements="4" coveredstatements="4" elements="4" coveredelements="4"/>
    </file>
    <file name="/home/runner/work/functional/functional/src/Fp/Functions/Reflection/GetReflectionClass.php">
      <line num="27" type="stmt" count="1"/>
      <metrics loc="28" ncloc="14" classes="0" methods="0" coveredmethods="0" conditionals="0" coveredconditionals="0" statements="1" coveredstatements="1" elements="1" coveredelements="1"/>
    </file>
    <file name="/home/runner/work/functional/functional/src/Fp/Functions/Reflection/GetReflectionProperty.php">
      <line num="27" type="stmt" count="1"/>
      <metrics loc="28" ncloc="14" classes="0" methods="0" coveredmethods="0" conditionals="0" coveredconditionals="0" statements="1" coveredstatements="1" elements="1" coveredelements="1"/>
    </file>
    <file name="/home/runner/work/functional/functional/src/Fp/Functions/Unit.php">
      <line num="24" type="stmt" count="0"/>
      <metrics loc="25" ncloc="14" classes="0" methods="0" coveredmethods="0" conditionals="0" coveredconditionals="0" statements="1" coveredstatements="0" elements="1" coveredelements="0"/>
    </file>
    <metrics files="61" loc="3219" ncloc="1632" classes="9" methods="51" coveredmethods="39" conditionals="0" coveredconditionals="0" statements="401" coveredstatements="370" elements="452" coveredelements="409"/>
  </project>
</coverage>
